[0m00:02:14.201604 [debug] [MainThread]: Sending event: {'category': 'dbt', 'action': 'invocation', 'label': 'start', 'context': [<snowplow_tracker.self_describing_json.SelfDescribingJson object at 0x000001EFEA133EB0>, <snowplow_tracker.self_describing_json.SelfDescribingJson object at 0x000001EFECA09DB0>, <snowplow_tracker.self_describing_json.SelfDescribingJson object at 0x000001EFECA09540>]}


============================== 00:02:14.208605 | 8a4f41f7-954b-420e-899c-03e19801c057 ==============================
[0m00:02:14.208605 [info ] [MainThread]: Running with dbt=1.6.3
[0m00:02:14.209603 [debug] [MainThread]: running dbt with arguments {'printer_width': '80', 'indirect_selection': 'eager', 'write_json': 'True', 'log_cache_events': 'False', 'partial_parse': 'True', 'cache_selected_only': 'False', 'profiles_dir': 'C:\\Users\\ACER\\.dbt', 'debug': 'False', 'warn_error': 'None', 'log_path': 'logs', 'fail_fast': 'False', 'version_check': 'True', 'use_colors': 'True', 'use_experimental_parser': 'False', 'no_print': 'None', 'quiet': 'False', 'warn_error_options': 'WarnErrorOptions(include=[], exclude=[])', 'static_parser': 'True', 'introspect': 'True', 'invocation_command': 'dbt init', 'target_path': 'None', 'log_format': 'default', 'send_anonymous_usage_stats': 'True'}
[0m00:02:45.656663 [debug] [MainThread]: Starter project path: C:\Users\ACER\AppData\Local\Programs\Python\Python310\lib\site-packages\dbt\include\starter_project
[0m00:02:45.685299 [info ] [MainThread]: 
Your new dbt project "glamira_transform" was created!

For more information on how to configure the profiles.yml file,
please consult the dbt documentation here:

  https://docs.getdbt.com/docs/configure-your-profile

One more thing:

Need help? Don't hesitate to reach out to us via GitHub issues or on Slack:

  https://community.getdbt.com/

Happy modeling!

[0m00:02:45.687298 [info ] [MainThread]: Setting up your profile.
[0m00:05:01.736981 [info ] [MainThread]: Profile glamira_transform written to C:\Users\ACER\.dbt\profiles.yml using target's profile_template.yml and your supplied values. Run 'dbt debug' to validate the connection.
[0m00:05:01.738983 [debug] [MainThread]: Command `dbt init` succeeded at 00:05:01.738983 after 167.55 seconds
[0m00:05:01.738983 [debug] [MainThread]: Sending event: {'category': 'dbt', 'action': 'invocation', 'label': 'end', 'context': [<snowplow_tracker.self_describing_json.SelfDescribingJson object at 0x000001EFEA133EB0>, <snowplow_tracker.self_describing_json.SelfDescribingJson object at 0x000001EFEA74C730>, <snowplow_tracker.self_describing_json.SelfDescribingJson object at 0x000001EFEA74CD30>]}
[0m00:05:01.739985 [debug] [MainThread]: Flushing usage events
[0m00:05:15.893404 [debug] [MainThread]: Sending event: {'category': 'dbt', 'action': 'invocation', 'label': 'start', 'context': [<snowplow_tracker.self_describing_json.SelfDescribingJson object at 0x000001E7B0597850>, <snowplow_tracker.self_describing_json.SelfDescribingJson object at 0x000001E7B2E69E10>, <snowplow_tracker.self_describing_json.SelfDescribingJson object at 0x000001E7B2E695A0>]}


============================== 00:05:15.898406 | 1af4ab60-6e14-43d1-87eb-d480e74a768d ==============================
[0m00:05:15.898406 [info ] [MainThread]: Running with dbt=1.6.3
[0m00:05:15.899406 [debug] [MainThread]: running dbt with arguments {'printer_width': '80', 'indirect_selection': 'eager', 'write_json': 'True', 'log_cache_events': 'False', 'partial_parse': 'True', 'cache_selected_only': 'False', 'warn_error': 'None', 'fail_fast': 'False', 'profiles_dir': 'C:\\Users\\ACER\\.dbt', 'log_path': 'logs', 'debug': 'False', 'version_check': 'True', 'use_colors': 'True', 'use_experimental_parser': 'False', 'no_print': 'None', 'quiet': 'False', 'warn_error_options': 'WarnErrorOptions(include=[], exclude=[])', 'invocation_command': 'dbt debug', 'static_parser': 'True', 'log_format': 'default', 'target_path': 'None', 'introspect': 'True', 'send_anonymous_usage_stats': 'True'}
[0m00:05:15.900403 [info ] [MainThread]: dbt version: 1.6.3
[0m00:05:15.901406 [info ] [MainThread]: python version: 3.10.5
[0m00:05:15.902501 [info ] [MainThread]: python path: C:\Users\ACER\AppData\Local\Programs\Python\Python310\python.exe
[0m00:05:15.903407 [info ] [MainThread]: os info: Windows-10-10.0.22631-SP0
[0m00:05:17.840782 [info ] [MainThread]: Using profiles dir at C:\Users\ACER\.dbt
[0m00:05:17.841782 [info ] [MainThread]: Using profiles.yml file at C:\Users\ACER\.dbt\profiles.yml
[0m00:05:17.842779 [info ] [MainThread]: Using dbt_project.yml file at C:\Users\ACER\Downloads\glamira_prj\dbt_project.yml
[0m00:05:17.844781 [error] [MainThread]: Encountered an error:
Internal Error
  Profile should not be None if loading profile completed
[0m00:05:17.845780 [debug] [MainThread]: Command `dbt debug` failed at 00:05:17.845780 after 1.97 seconds
[0m00:05:17.846882 [debug] [MainThread]: Sending event: {'category': 'dbt', 'action': 'invocation', 'label': 'end', 'context': [<snowplow_tracker.self_describing_json.SelfDescribingJson object at 0x000001E7B0597850>, <snowplow_tracker.self_describing_json.SelfDescribingJson object at 0x000001E7C4EE6B90>, <snowplow_tracker.self_describing_json.SelfDescribingJson object at 0x000001E7C4EE7CA0>]}
[0m00:05:17.846882 [debug] [MainThread]: Flushing usage events
[0m00:06:05.350027 [debug] [MainThread]: Sending event: {'category': 'dbt', 'action': 'invocation', 'label': 'start', 'context': [<snowplow_tracker.self_describing_json.SelfDescribingJson object at 0x00000179105E3F40>, <snowplow_tracker.self_describing_json.SelfDescribingJson object at 0x0000017912EB9D20>, <snowplow_tracker.self_describing_json.SelfDescribingJson object at 0x0000017912EB94B0>]}


============================== 00:06:05.355104 | 7107da4e-7f23-4481-bd57-c89fe192b3a0 ==============================
[0m00:06:05.355104 [info ] [MainThread]: Running with dbt=1.6.3
[0m00:06:05.356023 [debug] [MainThread]: running dbt with arguments {'printer_width': '80', 'indirect_selection': 'eager', 'write_json': 'True', 'log_cache_events': 'False', 'partial_parse': 'True', 'cache_selected_only': 'False', 'warn_error': 'None', 'fail_fast': 'False', 'debug': 'False', 'log_path': 'logs', 'version_check': 'True', 'profiles_dir': 'C:\\Users\\ACER\\.dbt', 'use_colors': 'True', 'use_experimental_parser': 'False', 'no_print': 'None', 'quiet': 'False', 'warn_error_options': 'WarnErrorOptions(include=[], exclude=[])', 'introspect': 'True', 'static_parser': 'True', 'invocation_command': 'dbt debug', 'target_path': 'None', 'log_format': 'default', 'send_anonymous_usage_stats': 'True'}
[0m00:06:05.357108 [info ] [MainThread]: dbt version: 1.6.3
[0m00:06:05.358024 [info ] [MainThread]: python version: 3.10.5
[0m00:06:05.359026 [info ] [MainThread]: python path: C:\Users\ACER\AppData\Local\Programs\Python\Python310\python.exe
[0m00:06:05.360027 [info ] [MainThread]: os info: Windows-10-10.0.22631-SP0
[0m00:06:07.267416 [info ] [MainThread]: Using profiles dir at C:\Users\ACER\.dbt
[0m00:06:07.269338 [info ] [MainThread]: Using profiles.yml file at C:\Users\ACER\.dbt\profiles.yml
[0m00:06:07.269338 [info ] [MainThread]: Using dbt_project.yml file at C:\Users\ACER\Downloads\glamira_prj\dbt_project.yml
[0m00:06:07.271334 [info ] [MainThread]: adapter type: bigquery
[0m00:06:07.272333 [info ] [MainThread]: adapter version: 1.6.5
[0m00:06:07.273335 [info ] [MainThread]: Configuration:
[0m00:06:07.274338 [info ] [MainThread]:   profiles.yml file [[32mOK found and valid[0m]
[0m00:06:07.275339 [info ] [MainThread]:   dbt_project.yml file [[31mERROR not found[0m]
[0m00:06:07.276338 [info ] [MainThread]: Required dependencies:
[0m00:06:07.277334 [debug] [MainThread]: Executing "git --help"
[0m00:06:07.314677 [debug] [MainThread]: STDOUT: "b"usage: git [--version] [--help] [-C <path>] [-c <name>=<value>]\n           [--exec-path[=<path>]] [--html-path] [--man-path] [--info-path]\n           [-p | --paginate | -P | --no-pager] [--no-replace-objects] [--bare]\n           [--git-dir=<path>] [--work-tree=<path>] [--namespace=<name>]\n           [--super-prefix=<path>] [--config-env=<name>=<envvar>]\n           <command> [<args>]\n\nThese are common Git commands used in various situations:\n\nstart a working area (see also: git help tutorial)\n   clone     Clone a repository into a new directory\n   init      Create an empty Git repository or reinitialize an existing one\n\nwork on the current change (see also: git help everyday)\n   add       Add file contents to the index\n   mv        Move or rename a file, a directory, or a symlink\n   restore   Restore working tree files\n   rm        Remove files from the working tree and from the index\n\nexamine the history and state (see also: git help revisions)\n   bisect    Use binary search to find the commit that introduced a bug\n   diff      Show changes between commits, commit and working tree, etc\n   grep      Print lines matching a pattern\n   log       Show commit logs\n   show      Show various types of objects\n   status    Show the working tree status\n\ngrow, mark and tweak your common history\n   branch    List, create, or delete branches\n   commit    Record changes to the repository\n   merge     Join two or more development histories together\n   rebase    Reapply commits on top of another base tip\n   reset     Reset current HEAD to the specified state\n   switch    Switch branches\n   tag       Create, list, delete or verify a tag object signed with GPG\n\ncollaborate (see also: git help workflows)\n   fetch     Download objects and refs from another repository\n   pull      Fetch from and integrate with another repository or a local branch\n   push      Update remote refs along with associated objects\n\n'git help -a' and 'git help -g' list available subcommands and some\nconcept guides. See 'git help <command>' or 'git help <concept>'\nto read about a specific subcommand or concept.\nSee 'git help git' for an overview of the system.\n""
[0m00:06:07.315625 [debug] [MainThread]: STDERR: "b''"
[0m00:06:07.315625 [info ] [MainThread]:  - git [[32mOK found[0m]

[0m00:06:07.316625 [info ] [MainThread]: Connection:
[0m00:06:07.317625 [info ] [MainThread]:   method: service-account
[0m00:06:07.318696 [info ] [MainThread]:   database: glamira-prj
[0m00:06:07.319626 [info ] [MainThread]:   execution_project: glamira-prj
[0m00:06:07.320752 [info ] [MainThread]:   schema: models
[0m00:06:07.320752 [info ] [MainThread]:   location: US
[0m00:06:07.321690 [info ] [MainThread]:   priority: interactive
[0m00:06:07.322703 [info ] [MainThread]:   maximum_bytes_billed: None
[0m00:06:07.323735 [info ] [MainThread]:   impersonate_service_account: None
[0m00:06:07.324695 [info ] [MainThread]:   job_retry_deadline_seconds: None
[0m00:06:07.325688 [info ] [MainThread]:   job_retries: 1
[0m00:06:07.326688 [info ] [MainThread]:   job_creation_timeout_seconds: None
[0m00:06:07.327689 [info ] [MainThread]:   job_execution_timeout_seconds: 300
[0m00:06:07.328710 [info ] [MainThread]:   keyfile: C:\Users\ACER\Downloads\glamira-prj-3f2c1cd7d210.json
[0m00:06:07.329691 [info ] [MainThread]:   timeout_seconds: 300
[0m00:06:07.330701 [info ] [MainThread]:   refresh_token: None
[0m00:06:07.331719 [info ] [MainThread]:   client_id: None
[0m00:06:07.332687 [info ] [MainThread]:   token_uri: None
[0m00:06:07.333690 [info ] [MainThread]:   dataproc_region: None
[0m00:06:07.334688 [info ] [MainThread]:   dataproc_cluster_name: None
[0m00:06:07.335696 [info ] [MainThread]:   gcs_bucket: None
[0m00:06:07.335696 [info ] [MainThread]:   dataproc_batch: None
[0m00:06:07.336772 [info ] [MainThread]: Registered adapter: bigquery=1.6.5
[0m00:06:07.337689 [debug] [MainThread]: Acquiring new bigquery connection 'debug'
[0m00:06:07.338777 [debug] [MainThread]: Opening a new connection, currently in state init
[0m00:06:07.376255 [debug] [MainThread]: On debug: select 1 as id
[0m00:06:08.194406 [debug] [MainThread]: BigQuery adapter: https://console.cloud.google.com/bigquery?project=glamira-prj&j=bq:US:23efa6b6-c6e0-4a52-858e-b3a08f772ed6&page=queryresults
[0m00:06:08.899332 [info ] [MainThread]:   Connection test: [[32mOK connection ok[0m]

[0m00:06:08.902357 [info ] [MainThread]: [31m1 check failed:[0m
[0m00:06:08.904351 [info ] [MainThread]: Project loading failed for the following reason:
 project path <C:\Users\ACER\Downloads\glamira_prj\dbt_project.yml> not found

[0m00:06:08.908364 [debug] [MainThread]: Command `dbt debug` failed at 00:06:08.908364 after 3.57 seconds
[0m00:06:08.909364 [debug] [MainThread]: Connection 'debug' was properly closed.
[0m00:06:08.910448 [debug] [MainThread]: Sending event: {'category': 'dbt', 'action': 'invocation', 'label': 'end', 'context': [<snowplow_tracker.self_describing_json.SelfDescribingJson object at 0x00000179105E3F40>, <snowplow_tracker.self_describing_json.SelfDescribingJson object at 0x0000017924F36B90>, <snowplow_tracker.self_describing_json.SelfDescribingJson object at 0x0000017924F37460>]}
[0m00:06:08.911369 [debug] [MainThread]: Flushing usage events
[0m00:06:59.589625 [debug] [MainThread]: Sending event: {'category': 'dbt', 'action': 'invocation', 'label': 'start', 'context': [<snowplow_tracker.self_describing_json.SelfDescribingJson object at 0x00000210798A3F10>, <snowplow_tracker.self_describing_json.SelfDescribingJson object at 0x000002107C189D50>, <snowplow_tracker.self_describing_json.SelfDescribingJson object at 0x000002107C189420>]}


============================== 00:06:59.594697 | 62d700e6-2793-47f9-afe3-38f87b8b798f ==============================
[0m00:06:59.594697 [info ] [MainThread]: Running with dbt=1.6.3
[0m00:06:59.595623 [debug] [MainThread]: running dbt with arguments {'printer_width': '80', 'indirect_selection': 'eager', 'log_cache_events': 'False', 'write_json': 'True', 'partial_parse': 'True', 'cache_selected_only': 'False', 'warn_error': 'None', 'fail_fast': 'False', 'version_check': 'True', 'log_path': 'C:\\Users\\ACER\\Downloads\\glamira_prj\\logs', 'debug': 'False', 'profiles_dir': 'C:\\Users\\ACER\\.dbt', 'use_colors': 'True', 'use_experimental_parser': 'False', 'no_print': 'None', 'quiet': 'False', 'warn_error_options': 'WarnErrorOptions(include=[], exclude=[])', 'static_parser': 'True', 'introspect': 'True', 'log_format': 'default', 'target_path': 'None', 'invocation_command': 'dbt debug', 'send_anonymous_usage_stats': 'True'}
[0m00:06:59.596623 [info ] [MainThread]: dbt version: 1.6.3
[0m00:06:59.597620 [info ] [MainThread]: python version: 3.10.5
[0m00:06:59.598623 [info ] [MainThread]: python path: C:\Users\ACER\AppData\Local\Programs\Python\Python310\python.exe
[0m00:06:59.599623 [info ] [MainThread]: os info: Windows-10-10.0.22631-SP0
[0m00:07:01.488118 [info ] [MainThread]: Using profiles dir at C:\Users\ACER\.dbt
[0m00:07:01.489089 [info ] [MainThread]: Using profiles.yml file at C:\Users\ACER\.dbt\profiles.yml
[0m00:07:01.490046 [info ] [MainThread]: Using dbt_project.yml file at C:\Users\ACER\Downloads\glamira_prj\dbt_project.yml
[0m00:07:01.492053 [info ] [MainThread]: adapter type: bigquery
[0m00:07:01.493054 [info ] [MainThread]: adapter version: 1.6.5
[0m00:07:01.516749 [info ] [MainThread]: Configuration:
[0m00:07:01.517799 [info ] [MainThread]:   profiles.yml file [[32mOK found and valid[0m]
[0m00:07:01.518805 [info ] [MainThread]:   dbt_project.yml file [[32mOK found and valid[0m]
[0m00:07:01.519846 [info ] [MainThread]: Required dependencies:
[0m00:07:01.520805 [debug] [MainThread]: Executing "git --help"
[0m00:07:01.556816 [debug] [MainThread]: STDOUT: "b"usage: git [--version] [--help] [-C <path>] [-c <name>=<value>]\n           [--exec-path[=<path>]] [--html-path] [--man-path] [--info-path]\n           [-p | --paginate | -P | --no-pager] [--no-replace-objects] [--bare]\n           [--git-dir=<path>] [--work-tree=<path>] [--namespace=<name>]\n           [--super-prefix=<path>] [--config-env=<name>=<envvar>]\n           <command> [<args>]\n\nThese are common Git commands used in various situations:\n\nstart a working area (see also: git help tutorial)\n   clone     Clone a repository into a new directory\n   init      Create an empty Git repository or reinitialize an existing one\n\nwork on the current change (see also: git help everyday)\n   add       Add file contents to the index\n   mv        Move or rename a file, a directory, or a symlink\n   restore   Restore working tree files\n   rm        Remove files from the working tree and from the index\n\nexamine the history and state (see also: git help revisions)\n   bisect    Use binary search to find the commit that introduced a bug\n   diff      Show changes between commits, commit and working tree, etc\n   grep      Print lines matching a pattern\n   log       Show commit logs\n   show      Show various types of objects\n   status    Show the working tree status\n\ngrow, mark and tweak your common history\n   branch    List, create, or delete branches\n   commit    Record changes to the repository\n   merge     Join two or more development histories together\n   rebase    Reapply commits on top of another base tip\n   reset     Reset current HEAD to the specified state\n   switch    Switch branches\n   tag       Create, list, delete or verify a tag object signed with GPG\n\ncollaborate (see also: git help workflows)\n   fetch     Download objects and refs from another repository\n   pull      Fetch from and integrate with another repository or a local branch\n   push      Update remote refs along with associated objects\n\n'git help -a' and 'git help -g' list available subcommands and some\nconcept guides. See 'git help <command>' or 'git help <concept>'\nto read about a specific subcommand or concept.\nSee 'git help git' for an overview of the system.\n""
[0m00:07:01.557750 [debug] [MainThread]: STDERR: "b''"
[0m00:07:01.557750 [info ] [MainThread]:  - git [[32mOK found[0m]

[0m00:07:01.559750 [info ] [MainThread]: Connection:
[0m00:07:01.560752 [info ] [MainThread]:   method: service-account
[0m00:07:01.561817 [info ] [MainThread]:   database: glamira-prj
[0m00:07:01.561817 [info ] [MainThread]:   execution_project: glamira-prj
[0m00:07:01.562747 [info ] [MainThread]:   schema: models
[0m00:07:01.563752 [info ] [MainThread]:   location: US
[0m00:07:01.564749 [info ] [MainThread]:   priority: interactive
[0m00:07:01.565754 [info ] [MainThread]:   maximum_bytes_billed: None
[0m00:07:01.567752 [info ] [MainThread]:   impersonate_service_account: None
[0m00:07:01.568751 [info ] [MainThread]:   job_retry_deadline_seconds: None
[0m00:07:01.569750 [info ] [MainThread]:   job_retries: 1
[0m00:07:01.570765 [info ] [MainThread]:   job_creation_timeout_seconds: None
[0m00:07:01.571752 [info ] [MainThread]:   job_execution_timeout_seconds: 300
[0m00:07:01.572823 [info ] [MainThread]:   keyfile: C:\Users\ACER\Downloads\glamira-prj-3f2c1cd7d210.json
[0m00:07:01.573750 [info ] [MainThread]:   timeout_seconds: 300
[0m00:07:01.574792 [info ] [MainThread]:   refresh_token: None
[0m00:07:01.575800 [info ] [MainThread]:   client_id: None
[0m00:07:01.576799 [info ] [MainThread]:   token_uri: None
[0m00:07:01.577799 [info ] [MainThread]:   dataproc_region: None
[0m00:07:01.578801 [info ] [MainThread]:   dataproc_cluster_name: None
[0m00:07:01.578801 [info ] [MainThread]:   gcs_bucket: None
[0m00:07:01.579838 [info ] [MainThread]:   dataproc_batch: None
[0m00:07:01.580801 [info ] [MainThread]: Registered adapter: bigquery=1.6.5
[0m00:07:01.581802 [debug] [MainThread]: Acquiring new bigquery connection 'debug'
[0m00:07:01.582800 [debug] [MainThread]: Opening a new connection, currently in state init
[0m00:07:01.619648 [debug] [MainThread]: On debug: select 1 as id
[0m00:07:02.416139 [debug] [MainThread]: BigQuery adapter: https://console.cloud.google.com/bigquery?project=glamira-prj&j=bq:US:7493144a-cc48-4089-aee5-6fc33a45c8a2&page=queryresults
[0m00:07:03.117148 [info ] [MainThread]:   Connection test: [[32mOK connection ok[0m]

[0m00:07:03.119141 [info ] [MainThread]: [32mAll checks passed![0m
[0m00:07:03.121142 [debug] [MainThread]: Command `dbt debug` succeeded at 00:07:03.120140 after 3.55 seconds
[0m00:07:03.121142 [debug] [MainThread]: Connection 'debug' was properly closed.
[0m00:07:03.122142 [debug] [MainThread]: Sending event: {'category': 'dbt', 'action': 'invocation', 'label': 'end', 'context': [<snowplow_tracker.self_describing_json.SelfDescribingJson object at 0x00000210798A3F10>, <snowplow_tracker.self_describing_json.SelfDescribingJson object at 0x000002100E201D20>, <snowplow_tracker.self_describing_json.SelfDescribingJson object at 0x000002100E200AC0>]}
[0m00:07:03.123139 [debug] [MainThread]: Flushing usage events
[0m00:07:35.300721 [debug] [MainThread]: Sending event: {'category': 'dbt', 'action': 'invocation', 'label': 'start', 'context': [<snowplow_tracker.self_describing_json.SelfDescribingJson object at 0x00000236C13F7850>, <snowplow_tracker.self_describing_json.SelfDescribingJson object at 0x00000236C3CCA050>, <snowplow_tracker.self_describing_json.SelfDescribingJson object at 0x00000236C3CC9F30>]}


============================== 00:07:35.305977 | 06eab6a6-094c-465f-b31e-29f1d7342462 ==============================
[0m00:07:35.305977 [info ] [MainThread]: Running with dbt=1.6.3
[0m00:07:35.306977 [debug] [MainThread]: running dbt with arguments {'printer_width': '80', 'indirect_selection': 'eager', 'log_cache_events': 'False', 'write_json': 'True', 'partial_parse': 'True', 'cache_selected_only': 'False', 'profiles_dir': 'C:\\Users\\ACER\\.dbt', 'fail_fast': 'False', 'debug': 'False', 'log_path': 'C:\\Users\\ACER\\Downloads\\glamira_prj\\logs', 'warn_error': 'None', 'version_check': 'True', 'use_colors': 'True', 'use_experimental_parser': 'False', 'no_print': 'None', 'quiet': 'False', 'log_format': 'default', 'static_parser': 'True', 'invocation_command': 'dbt run', 'introspect': 'True', 'target_path': 'None', 'warn_error_options': 'WarnErrorOptions(include=[], exclude=[])', 'send_anonymous_usage_stats': 'True'}
[0m00:07:37.288550 [debug] [MainThread]: Sending event: {'category': 'dbt', 'action': 'project_id', 'label': '06eab6a6-094c-465f-b31e-29f1d7342462', 'context': [<snowplow_tracker.self_describing_json.SelfDescribingJson object at 0x00000236D5D49E40>]}
[0m00:07:37.308548 [debug] [MainThread]: Sending event: {'category': 'dbt', 'action': 'adapter_info', 'label': '06eab6a6-094c-465f-b31e-29f1d7342462', 'context': [<snowplow_tracker.self_describing_json.SelfDescribingJson object at 0x00000236D5D40D30>]}
[0m00:07:37.309641 [info ] [MainThread]: Registered adapter: bigquery=1.6.5
[0m00:07:37.323655 [debug] [MainThread]: checksum: 800ab10c53db38b54e69cd328777f0c48b6374b8a89466e8ff54aa9acb452b75, vars: {}, profile: , target: , version: 1.6.3
[0m00:07:37.324657 [info ] [MainThread]: Unable to do partial parsing because saved manifest not found. Starting full parse.
[0m00:07:37.325654 [debug] [MainThread]: Sending event: {'category': 'dbt', 'action': 'partial_parser', 'label': '06eab6a6-094c-465f-b31e-29f1d7342462', 'context': [<snowplow_tracker.self_describing_json.SelfDescribingJson object at 0x00000236D5D5B1F0>]}
[0m00:07:37.975729 [warn ] [MainThread]: [[33mWARNING[0m]: Configuration paths exist in your dbt_project.yml file which do not apply to any resources.
There are 1 unused configuration paths:
- models.glamira_transform.example
[0m00:07:37.983727 [debug] [MainThread]: Sending event: {'category': 'dbt', 'action': 'load_project', 'label': '06eab6a6-094c-465f-b31e-29f1d7342462', 'context': [<snowplow_tracker.self_describing_json.SelfDescribingJson object at 0x00000236D5EB7EE0>]}
[0m00:07:37.993725 [debug] [MainThread]: Sending event: {'category': 'dbt', 'action': 'resource_counts', 'label': '06eab6a6-094c-465f-b31e-29f1d7342462', 'context': [<snowplow_tracker.self_describing_json.SelfDescribingJson object at 0x00000236D5EB6680>]}
[0m00:07:37.994728 [info ] [MainThread]: Found 0 sources, 0 exposures, 0 metrics, 390 macros, 0 groups, 0 semantic models
[0m00:07:37.995725 [debug] [MainThread]: Sending event: {'category': 'dbt', 'action': 'runnable_timing', 'label': '06eab6a6-094c-465f-b31e-29f1d7342462', 'context': [<snowplow_tracker.self_describing_json.SelfDescribingJson object at 0x00000236D5EB7340>]}
[0m00:07:37.997821 [info ] [MainThread]: 
[0m00:07:37.998724 [warn ] [MainThread]: Nothing to do. Try checking your model configs and model specification args
[0m00:07:37.999727 [debug] [MainThread]: Command end result
[0m00:07:38.009728 [debug] [MainThread]: Command `dbt run` succeeded at 00:07:38.008729 after 2.72 seconds
[0m00:07:38.009728 [debug] [MainThread]: Sending event: {'category': 'dbt', 'action': 'invocation', 'label': 'end', 'context': [<snowplow_tracker.self_describing_json.SelfDescribingJson object at 0x00000236C13F7850>, <snowplow_tracker.self_describing_json.SelfDescribingJson object at 0x00000236C198E500>, <snowplow_tracker.self_describing_json.SelfDescribingJson object at 0x00000236D5EE7760>]}
[0m00:07:38.010726 [debug] [MainThread]: Flushing usage events
[0m00:09:14.853671 [debug] [MainThread]: Sending event: {'category': 'dbt', 'action': 'invocation', 'label': 'start', 'context': [<snowplow_tracker.self_describing_json.SelfDescribingJson object at 0x000001A569983EE0>, <snowplow_tracker.self_describing_json.SelfDescribingJson object at 0x000001A56C259D80>, <snowplow_tracker.self_describing_json.SelfDescribingJson object at 0x000001A56C259450>]}


============================== 00:09:14.857768 | 3ab4757a-2bc5-4758-a6e8-819f277e7864 ==============================
[0m00:09:14.857768 [info ] [MainThread]: Running with dbt=1.6.3
[0m00:09:14.859668 [debug] [MainThread]: running dbt with arguments {'printer_width': '80', 'indirect_selection': 'eager', 'log_cache_events': 'False', 'write_json': 'True', 'partial_parse': 'True', 'cache_selected_only': 'False', 'warn_error': 'None', 'fail_fast': 'False', 'version_check': 'True', 'log_path': 'C:\\Users\\ACER\\Downloads\\glamira_prj\\logs', 'debug': 'False', 'profiles_dir': 'C:\\Users\\ACER\\.dbt', 'use_colors': 'True', 'use_experimental_parser': 'False', 'no_print': 'None', 'quiet': 'False', 'log_format': 'default', 'invocation_command': 'dbt clean', 'introspect': 'True', 'static_parser': 'True', 'target_path': 'None', 'warn_error_options': 'WarnErrorOptions(include=[], exclude=[])', 'send_anonymous_usage_stats': 'True'}
[0m00:09:14.976191 [debug] [MainThread]: Sending event: {'category': 'dbt', 'action': 'project_id', 'label': '3ab4757a-2bc5-4758-a6e8-819f277e7864', 'context': [<snowplow_tracker.self_describing_json.SelfDescribingJson object at 0x000001A56C259F90>]}
[0m00:09:14.983701 [debug] [MainThread]: Command `dbt clean` succeeded at 00:09:14.983701 after 0.15 seconds
[0m00:09:14.984749 [debug] [MainThread]: Sending event: {'category': 'dbt', 'action': 'invocation', 'label': 'end', 'context': [<snowplow_tracker.self_describing_json.SelfDescribingJson object at 0x000001A569983EE0>, <snowplow_tracker.self_describing_json.SelfDescribingJson object at 0x000001A56C25A0E0>, <snowplow_tracker.self_describing_json.SelfDescribingJson object at 0x000001A56C2C59C0>]}
[0m00:09:14.984749 [debug] [MainThread]: Flushing usage events
[0m00:09:33.070193 [debug] [MainThread]: Sending event: {'category': 'dbt', 'action': 'invocation', 'label': 'start', 'context': [<snowplow_tracker.self_describing_json.SelfDescribingJson object at 0x0000023258A43E80>, <snowplow_tracker.self_describing_json.SelfDescribingJson object at 0x000002325B31A020>, <snowplow_tracker.self_describing_json.SelfDescribingJson object at 0x000002325B319F00>]}


============================== 00:09:33.075227 | 8b5c4021-b270-4d05-8efa-75e67b97b002 ==============================
[0m00:09:33.075227 [info ] [MainThread]: Running with dbt=1.6.3
[0m00:09:33.076195 [debug] [MainThread]: running dbt with arguments {'printer_width': '80', 'indirect_selection': 'eager', 'log_cache_events': 'False', 'write_json': 'True', 'partial_parse': 'True', 'cache_selected_only': 'False', 'profiles_dir': 'C:\\Users\\ACER\\.dbt', 'debug': 'False', 'version_check': 'True', 'log_path': 'C:\\Users\\ACER\\Downloads\\glamira_prj\\logs', 'fail_fast': 'False', 'warn_error': 'None', 'use_colors': 'True', 'use_experimental_parser': 'False', 'no_print': 'None', 'quiet': 'False', 'log_format': 'default', 'static_parser': 'True', 'introspect': 'True', 'invocation_command': 'dbt run', 'target_path': 'None', 'warn_error_options': 'WarnErrorOptions(include=[], exclude=[])', 'send_anonymous_usage_stats': 'True'}
[0m00:09:35.187702 [debug] [MainThread]: Sending event: {'category': 'dbt', 'action': 'project_id', 'label': '8b5c4021-b270-4d05-8efa-75e67b97b002', 'context': [<snowplow_tracker.self_describing_json.SelfDescribingJson object at 0x000002325905DCF0>]}
[0m00:09:35.207770 [debug] [MainThread]: Sending event: {'category': 'dbt', 'action': 'adapter_info', 'label': '8b5c4021-b270-4d05-8efa-75e67b97b002', 'context': [<snowplow_tracker.self_describing_json.SelfDescribingJson object at 0x000002326D394D60>]}
[0m00:09:35.209696 [info ] [MainThread]: Registered adapter: bigquery=1.6.5
[0m00:09:35.229699 [debug] [MainThread]: checksum: 800ab10c53db38b54e69cd328777f0c48b6374b8a89466e8ff54aa9acb452b75, vars: {}, profile: , target: , version: 1.6.3
[0m00:09:35.231700 [info ] [MainThread]: Unable to do partial parsing because saved manifest not found. Starting full parse.
[0m00:09:35.232705 [debug] [MainThread]: Sending event: {'category': 'dbt', 'action': 'partial_parser', 'label': '8b5c4021-b270-4d05-8efa-75e67b97b002', 'context': [<snowplow_tracker.self_describing_json.SelfDescribingJson object at 0x000002326D3AB250>]}
[0m00:09:36.089231 [warn ] [MainThread]: [[33mWARNING[0m]: Configuration paths exist in your dbt_project.yml file which do not apply to any resources.
There are 1 unused configuration paths:
- models.glamira_transform.example
[0m00:09:36.095767 [debug] [MainThread]: Sending event: {'category': 'dbt', 'action': 'load_project', 'label': '8b5c4021-b270-4d05-8efa-75e67b97b002', 'context': [<snowplow_tracker.self_describing_json.SelfDescribingJson object at 0x000002326D503E50>]}
[0m00:09:36.108988 [debug] [MainThread]: Sending event: {'category': 'dbt', 'action': 'resource_counts', 'label': '8b5c4021-b270-4d05-8efa-75e67b97b002', 'context': [<snowplow_tracker.self_describing_json.SelfDescribingJson object at 0x000002326D501A50>]}
[0m00:09:36.110003 [info ] [MainThread]: Found 0 sources, 0 exposures, 0 metrics, 390 macros, 0 groups, 0 semantic models
[0m00:09:36.110995 [debug] [MainThread]: Sending event: {'category': 'dbt', 'action': 'runnable_timing', 'label': '8b5c4021-b270-4d05-8efa-75e67b97b002', 'context': [<snowplow_tracker.self_describing_json.SelfDescribingJson object at 0x000002326D502B30>]}
[0m00:09:36.112106 [info ] [MainThread]: 
[0m00:09:36.113014 [warn ] [MainThread]: Nothing to do. Try checking your model configs and model specification args
[0m00:09:36.113995 [debug] [MainThread]: Command end result
[0m00:09:36.123998 [debug] [MainThread]: Command `dbt run` succeeded at 00:09:36.123998 after 3.07 seconds
[0m00:09:36.125078 [debug] [MainThread]: Sending event: {'category': 'dbt', 'action': 'invocation', 'label': 'end', 'context': [<snowplow_tracker.self_describing_json.SelfDescribingJson object at 0x0000023258A43E80>, <snowplow_tracker.self_describing_json.SelfDescribingJson object at 0x0000023258FB1780>, <snowplow_tracker.self_describing_json.SelfDescribingJson object at 0x000002326D537790>]}
[0m00:09:36.125078 [debug] [MainThread]: Flushing usage events
[0m00:10:35.764168 [debug] [MainThread]: Sending event: {'category': 'dbt', 'action': 'invocation', 'label': 'start', 'context': [<snowplow_tracker.self_describing_json.SelfDescribingJson object at 0x000001DE21793EB0>, <snowplow_tracker.self_describing_json.SelfDescribingJson object at 0x000001DE24069FF0>, <snowplow_tracker.self_describing_json.SelfDescribingJson object at 0x000001DE24068C40>]}


============================== 00:10:35.769268 | ce6598a5-6169-46b7-9cb2-3da86e54d7d7 ==============================
[0m00:10:35.769268 [info ] [MainThread]: Running with dbt=1.6.3
[0m00:10:35.770207 [debug] [MainThread]: running dbt with arguments {'printer_width': '80', 'indirect_selection': 'eager', 'log_cache_events': 'False', 'write_json': 'True', 'partial_parse': 'True', 'cache_selected_only': 'False', 'warn_error': 'None', 'fail_fast': 'False', 'profiles_dir': 'C:\\Users\\ACER\\.dbt', 'log_path': 'logs', 'debug': 'False', 'version_check': 'True', 'use_colors': 'True', 'use_experimental_parser': 'False', 'no_print': 'None', 'quiet': 'False', 'warn_error_options': 'WarnErrorOptions(include=[], exclude=[])', 'introspect': 'True', 'static_parser': 'True', 'invocation_command': 'dbt run', 'target_path': 'None', 'log_format': 'default', 'send_anonymous_usage_stats': 'True'}
[0m00:10:35.771168 [error] [MainThread]: Encountered an error:
Runtime Error
  No dbt_project.yml found at expected path C:\Users\ACER\Downloads\glamira_prj\dbt_project.yml
  Verify that each entry within packages.yml (and their transitive dependencies) contains a file named dbt_project.yml
  
[0m00:10:35.772168 [debug] [MainThread]: Command `dbt run` failed at 00:10:35.772168 after 0.02 seconds
[0m00:10:35.773168 [debug] [MainThread]: Sending event: {'category': 'dbt', 'action': 'invocation', 'label': 'end', 'context': [<snowplow_tracker.self_describing_json.SelfDescribingJson object at 0x000001DE21793EB0>, <snowplow_tracker.self_describing_json.SelfDescribingJson object at 0x000001DE24069570>, <snowplow_tracker.self_describing_json.SelfDescribingJson object at 0x000001DE2406A050>]}
[0m00:10:35.774168 [debug] [MainThread]: Flushing usage events
[0m00:11:13.299700 [debug] [MainThread]: Sending event: {'category': 'dbt', 'action': 'invocation', 'label': 'start', 'context': [<snowplow_tracker.self_describing_json.SelfDescribingJson object at 0x0000018FB6273EE0>, <snowplow_tracker.self_describing_json.SelfDescribingJson object at 0x0000018FB8B49FC0>, <snowplow_tracker.self_describing_json.SelfDescribingJson object at 0x0000018FB8B49EA0>]}


============================== 00:11:13.302697 | b3f5a02e-4af3-4923-a2f6-88255fcb5740 ==============================
[0m00:11:13.302697 [info ] [MainThread]: Running with dbt=1.6.3
[0m00:11:13.304698 [debug] [MainThread]: running dbt with arguments {'printer_width': '80', 'indirect_selection': 'eager', 'log_cache_events': 'False', 'write_json': 'True', 'partial_parse': 'True', 'cache_selected_only': 'False', 'warn_error': 'None', 'version_check': 'True', 'profiles_dir': 'C:\\Users\\ACER\\.dbt', 'log_path': 'C:\\Users\\ACER\\Downloads\\glamira_prj\\logs', 'fail_fast': 'False', 'debug': 'False', 'use_colors': 'True', 'use_experimental_parser': 'False', 'no_print': 'None', 'quiet': 'False', 'log_format': 'default', 'invocation_command': 'dbt run', 'introspect': 'True', 'warn_error_options': 'WarnErrorOptions(include=[], exclude=[])', 'target_path': 'None', 'static_parser': 'True', 'send_anonymous_usage_stats': 'True'}
[0m00:11:15.306140 [debug] [MainThread]: Sending event: {'category': 'dbt', 'action': 'project_id', 'label': 'b3f5a02e-4af3-4923-a2f6-88255fcb5740', 'context': [<snowplow_tracker.self_describing_json.SelfDescribingJson object at 0x0000018FB694FF40>]}
[0m00:11:15.320162 [debug] [MainThread]: Sending event: {'category': 'dbt', 'action': 'adapter_info', 'label': 'b3f5a02e-4af3-4923-a2f6-88255fcb5740', 'context': [<snowplow_tracker.self_describing_json.SelfDescribingJson object at 0x0000018FCABC0DF0>]}
[0m00:11:15.321161 [info ] [MainThread]: Registered adapter: bigquery=1.6.5
[0m00:11:15.334161 [debug] [MainThread]: checksum: 800ab10c53db38b54e69cd328777f0c48b6374b8a89466e8ff54aa9acb452b75, vars: {}, profile: , target: , version: 1.6.3
[0m00:11:15.431924 [debug] [MainThread]: Partial parsing enabled: 0 files deleted, 0 files added, 0 files changed.
[0m00:11:15.431924 [debug] [MainThread]: Partial parsing enabled, no changes found, skipping parsing
[0m00:11:15.433010 [warn ] [MainThread]: [[33mWARNING[0m]: Configuration paths exist in your dbt_project.yml file which do not apply to any resources.
There are 1 unused configuration paths:
- models.glamira_transform.example
[0m00:11:15.439930 [debug] [MainThread]: Sending event: {'category': 'dbt', 'action': 'load_project', 'label': 'b3f5a02e-4af3-4923-a2f6-88255fcb5740', 'context': [<snowplow_tracker.self_describing_json.SelfDescribingJson object at 0x0000018FCADAC0D0>]}
[0m00:11:15.448926 [debug] [MainThread]: Sending event: {'category': 'dbt', 'action': 'resource_counts', 'label': 'b3f5a02e-4af3-4923-a2f6-88255fcb5740', 'context': [<snowplow_tracker.self_describing_json.SelfDescribingJson object at 0x0000018FCAD6DC30>]}
[0m00:11:15.449928 [info ] [MainThread]: Found 0 sources, 0 exposures, 0 metrics, 390 macros, 0 groups, 0 semantic models
[0m00:11:15.450927 [debug] [MainThread]: Sending event: {'category': 'dbt', 'action': 'runnable_timing', 'label': 'b3f5a02e-4af3-4923-a2f6-88255fcb5740', 'context': [<snowplow_tracker.self_describing_json.SelfDescribingJson object at 0x0000018FCAD6DB70>]}
[0m00:11:15.451952 [info ] [MainThread]: 
[0m00:11:15.452928 [warn ] [MainThread]: Nothing to do. Try checking your model configs and model specification args
[0m00:11:15.453941 [debug] [MainThread]: Command end result
[0m00:11:15.462926 [debug] [MainThread]: Command `dbt run` succeeded at 00:11:15.462926 after 2.18 seconds
[0m00:11:15.463928 [debug] [MainThread]: Sending event: {'category': 'dbt', 'action': 'invocation', 'label': 'end', 'context': [<snowplow_tracker.self_describing_json.SelfDescribingJson object at 0x0000018FB6273EE0>, <snowplow_tracker.self_describing_json.SelfDescribingJson object at 0x0000018FB663CCA0>, <snowplow_tracker.self_describing_json.SelfDescribingJson object at 0x0000018FCAD6D510>]}
[0m00:11:15.463928 [debug] [MainThread]: Flushing usage events
